make all --print-data-base --no-builtin-variables --no-builtin-rules --question
make: *** No rule to make target 'all'.  Stop.

# GNU Make 4.3
 
# Built for x86_64-pc-linux-gnu
 
# Copyright (C) 1988-2020 Free Software Foundation, Inc.
 
# License GPLv3+: GNU GPL version 3 or later <http://gnu.org/licenses/gpl.html>
 
# This is free software: you are free to change and redistribute it.
 
# There is NO WARRANTY, to the extent permitted by law.
 

 
# Make data base, printed on Fri Jul 22 20:07:44 2022
 

# Variables
 

 
# environment
 
GDK_BACKEND = x11
 
# environment
 
LC_ALL = C
 
# environment
 
GNOME_SHELL_SESSION_MODE = ubuntu
 
# environment
 
SSH_AGENT_LAUNCHER = gnome-keyring
 
# environment
 
GJS_DEBUG_OUTPUT = stderr
 
# environment
 
LC_NAME = pt_BR.UTF-8
 
# environment
 
LC_NUMERIC = pt_BR.UTF-8
 
# environment
 
VSCODE_CWD = /home/yuri
 
# environment
 
LC_ADDRESS = pt_BR.UTF-8
 
# default
 
MAKE_COMMAND := make
 
# environment
 
QT_ACCESSIBILITY = 1
 
# automatic
 
@D = $(patsubst %/,%,$(dir $@))
 
# environment
 
VSCODE_HANDLES_UNCAUGHT_ERRORS = true
 
# default
 
.VARIABLES := 
 
# environment
 
PWD = /home/yuri/Documents/CC/Computação Gráfica/Avaliacao03
 
# automatic
 
%D = $(patsubst %/,%,$(dir $%))
 
# environment
 
XDG_DATA_DIRS = /usr/share/ubuntu:/usr/local/share/:/usr/share/:/var/lib/snapd/desktop
 
# automatic
 
^D = $(patsubst %/,%,$(dir $^))
 
# automatic
 
%F = $(notdir $%)
 
# environment
 
VSCODE_CODE_CACHE_PATH = /home/yuri/.config/Code/CachedData/3b889b090b5ad5793f524b5d1d39fda662b96a2a
 
# environment
 
LANG = C
 
# environment
 
XAUTHORITY = /run/user/1000/.mutter-Xwaylandauth.9I7OP1
 
# default
 
.LOADED := 
 
# default
 
.INCLUDE_DIRS = /usr/local/include /usr/include /usr/include
 
# makefile
 
MAKEFLAGS = pqrR
 
# makefile
 
CURDIR := /home/yuri/Documents/CC/Computação Gráfica/Avaliacao03
 
# environment
 
APPLICATION_INSIGHTS_NO_DIAGNOSTIC_CHANNEL = true
 
# environment
 
LESSOPEN = | /usr/bin/lesspipe %s
 
# automatic
 
*D = $(patsubst %/,%,$(dir $*))
 
# environment
 
MFLAGS = -pqrR
 
# environment
 
SSH_AUTH_SOCK = /run/user/1000/keyring/ssh
 
# default
 
.SHELLFLAGS := -c
 
# environment
 
WAYLAND_DISPLAY = wayland-0
 
# environment
 
XDG_CONFIG_DIRS = /etc/xdg/xdg-ubuntu:/etc/xdg
 
# automatic
 
+D = $(patsubst %/,%,$(dir $+))
 
# environment
 
XDG_SESSION_DESKTOP = ubuntu
 
# makefile
 
MAKEFILE_LIST := 
 
# automatic
 
@F = $(notdir $@)
 
# environment
 
VSCODE_PID = 22197
 
# environment
 
XDG_SESSION_TYPE = wayland
 
# automatic
 
?D = $(patsubst %/,%,$(dir $?))
 
# environment
 
SESSION_MANAGER = local/yuri-550XDA:@/tmp/.ICE-unix/1826,unix/yuri-550XDA:/tmp/.ICE-unix/1826
 
# automatic
 
*F = $(notdir $*)
 
# environment
 
CHROME_DESKTOP = code-url-handler.desktop
 
# environment
 
DBUS_SESSION_BUS_ADDRESS = unix:path=/run/user/1000/bus
 
# automatic
 
<D = $(patsubst %/,%,$(dir $<))
 
# environment
 
VSCODE_NLS_CONFIG = {"locale":"en-us","availableLanguages":{},"_languagePackSupport":true}
 
# default
 
MAKE_HOST := x86_64-pc-linux-gnu
 
# environment
 
GNOME_DESKTOP_SESSION_ID = this-is-deprecated
 
# makefile
 
SHELL = /bin/sh
 
# default
 
MAKECMDGOALS := all
 
# environment
XMODIFIERS = @im=ibus
# environment
GJS_DEBUG_TOPICS = JS ERROR;JS LOG
# environment
SHLVL = 0
# environment
MAKELEVEL := 0
 
# environment
IM_CONFIG_CHECK_ENV = 1
# default
MAKE = $(MAKE_COMMAND)
# environment
PATH = /home/yuri/.cabal/bin:/home/yuri/.ghcup/bin:/usr/local/sbin:/usr/local/bin:/usr/sbin:/usr/bin:/sbin:/bin:/usr/games:/usr/local/games:/snap/bin:/snap/bin:/home/yuri/development/flutter/bin
# default
MAKEFILES := 
# environment
LANGUAGE = en_US:en
# environment
LC_MONETARY = pt_BR.UTF-8
# automatic
^F = $(notdir $^)
# environment
LC_TIME = pt_BR.UTF-8
# environment
INVOCATION_ID = 73c31190ccf345d08e767cc8aa76bfc2
# environment
USERNAME = yuri
# environment
GNOME_SETUP_DISPLAY = :1
# environment
LC_TELEPHONE = pt_BR.UTF-8
# environment
LESSCLOSE = /usr/bin/lesspipe %s %s
# automatic
?F = $(notdir $?)
# environment
XDG_CURRENT_DESKTOP = Unity
# environment
LS_COLORS = 
# automatic
+F = $(notdir $+)
# environment
DESKTOP_SESSION = ubuntu
# environment
ORIGINAL_XDG_CURRENT_DESKTOP = ubuntu:GNOME
# 'override' directive
GNUMAKEFLAGS := 
# environment
LOGNAME = yuri
# environment
GIO_LAUNCHED_DESKTOP_FILE = /usr/share/applications/code.desktop
# makefile
.DEFAULT_GOAL := 
# environment
SYSTEMD_EXEC_PID = 1849
# environment
DISPLAY = :0
# environment
USER = yuri
# environment
GTK_MODULES = gail:atk-bridge
# default
MAKE_VERSION := 4.3
# environment
MANAGERPID = 1673
# environment
LC_MEASUREMENT = pt_BR.UTF-8
# environment
GIO_LAUNCHED_DESKTOP_FILE_PID = 22197
# environment
_ = /usr/share/code/code
# environment
LC_PAPER = pt_BR.UTF-8
# environment
XDG_RUNTIME_DIR = /run/user/1000
# environment
LC_CTYPE = pt_BR.UTF-8
# environment
JOURNAL_STREAM = 8:33288
# environment
XDG_SESSION_CLASS = user
# environment
VSCODE_AMD_ENTRYPOINT = vs/workbench/api/node/extensionHostProcess
# environment
HOME = /home/yuri
# environment
QT_IM_MODULE = ibus
# environment
ELECTRON_RUN_AS_NODE = 1
# environment
VSCODE_IPC_HOOK = /run/user/1000/vscode-8564018a-1.69.2-main.sock
# environment
IM_CONFIG_PHASE = 1
# environment
PAPERSIZE = a4
# default
.RECIPEPREFIX := 
# automatic
<F = $(notdir $<)
# default
SUFFIXES := 
# default
.FEATURES := target-specific order-only second-expansion else-if shortest-stem undefine oneshell nocomment grouped-target extra-prereqs archives jobserver output-sync check-symlink load
# environment
XDG_MENU_PREFIX = gnome-
# environment
GDMSESSION = ubuntu
# environment
LC_IDENTIFICATION = pt_BR.UTF-8
# variable set hash-table stats:
# Load=106/1024=10%, Rehash=0, Collisions=4/133=3%

# Pattern-specific Variable Values

# No pattern-specific variable values.

# Directories

# . (device 2055, inode 4588194): 10 files, no impossibilities.

# 10 files, no impossibilities in 1 directories.

# Implicit Rules

# No implicit rules.

# Files

# Not a target:
Makefile:
 
#  Implicit rule search has been done.
#  File does not exist.
#  File has been updated.
#  Failed to be updated.

# Not a target:
.DEFAULT:
#  Implicit rule search has not been done.
#  Modification time never checked.
#  File has not been updated.

# Not a target:
all:
#  Command line target.
#  Implicit rule search has been done.
#  File does not exist.
#  File has not been updated.

# Not a target:
makefile:
#  Implicit rule search has been done.
#  File does not exist.
#  File has been updated.
#  Failed to be updated.

# Not a target:
GNUmakefile:
#  Implicit rule search has been done.
#  File does not exist.
#  File has been updated.
#  Failed to be updated.

# files hash-table stats:
# Load=6/1024=1%, Rehash=0, Collisions=0/15=0%
# VPATH Search Paths

# No 'vpath' search paths.

# No general ('VPATH' variable) search path.

# strcache buffers: 1 (0) / strings = 18 / storage = 178 B / avg = 9 B
# current buf: size = 8162 B / used = 178 B / count = 18 / avg = 9 B

# strcache performance: lookups = 21 / hit rate = 14%
# hash-table stats:
# Load=18/8192=0%, Rehash=0, Collisions=0/21=0%
# Finished Make data base on Fri Jul 22 20:07:44 2022

 
